<?xml version="1.0" encoding="UTF-8"?>
<testsuite xmlns:xsi="http://www.w3.org/2001/XMLSchema-instance" xsi:noNamespaceSchemaLocation="https://maven.apache.org/surefire/maven-surefire-plugin/xsd/surefire-test-report-3.0.xsd" version="3.0" name="ru.shved255.AppTest" time="0.019" tests="1" errors="0" skipped="0" failures="0">
  <properties>
    <property name="java.specification.version" value="16"/>
    <property name="sun.cpu.isalist" value="amd64"/>
    <property name="sun.jnu.encoding" value="Cp1251"/>
    <property name="java.class.path" value="C:\Users\bidek\LipoProxy\LofiProxyCreator\target\test-classes;C:\Users\bidek\LipoProxy\LofiProxyCreator\target\classes;C:\Users\bidek\.m2\repository\org\littleshoot\littleproxy\1.1.0-beta1\littleproxy-1.1.0-beta1.jar;C:\Users\bidek\.m2\repository\com\google\guava\guava\18.0\guava-18.0.jar;C:\Users\bidek\.m2\repository\commons-cli\commons-cli\1.3.1\commons-cli-1.3.1.jar;C:\Users\bidek\.m2\repository\commons-codec\commons-codec\1.10\commons-codec-1.10.jar;C:\Users\bidek\.m2\repository\commons-io\commons-io\2.4\commons-io-2.4.jar;C:\Users\bidek\.m2\repository\org\apache\commons\commons-lang3\3.4\commons-lang3-3.4.jar;C:\Users\bidek\.m2\repository\io\netty\netty-all\4.0.23.Final\netty-all-4.0.23.Final.jar;C:\Users\bidek\.m2\repository\com\barchart\udt\barchart-udt-bundle\2.3.0\barchart-udt-bundle-2.3.0.jar;C:\Users\bidek\.m2\repository\org\slf4j\slf4j-api\1.7.12\slf4j-api-1.7.12.jar;C:\Users\bidek\.m2\repository\junit\junit\3.8.1\junit-3.8.1.jar;"/>
    <property name="java.vm.vendor" value="Oracle Corporation"/>
    <property name="sun.arch.data.model" value="64"/>
    <property name="user.variant" value=""/>
    <property name="java.vendor.url" value="https://java.oracle.com/"/>
    <property name="user.timezone" value="Europe/Moscow"/>
    <property name="os.name" value="Windows 10"/>
    <property name="java.vm.specification.version" value="16"/>
    <property name="sun.java.launcher" value="SUN_STANDARD"/>
    <property name="user.country" value="RU"/>
    <property name="sun.boot.library.path" value="C:\Program Files\Java\jdk-16.0.2\bin"/>
    <property name="sun.java.command" value="C:\Users\bidek\AppData\Local\Temp\surefire13515516880188410361\surefirebooter-20240902093514392_3.jar C:\Users\bidek\AppData\Local\Temp\surefire13515516880188410361 2024-09-02T09-35-14_200-jvmRun1 surefire-20240902093514392_1tmp surefire_0-20240902093514392_2tmp"/>
    <property name="jdk.debug" value="release"/>
    <property name="surefire.test.class.path" value="C:\Users\bidek\LipoProxy\LofiProxyCreator\target\test-classes;C:\Users\bidek\LipoProxy\LofiProxyCreator\target\classes;C:\Users\bidek\.m2\repository\org\littleshoot\littleproxy\1.1.0-beta1\littleproxy-1.1.0-beta1.jar;C:\Users\bidek\.m2\repository\com\google\guava\guava\18.0\guava-18.0.jar;C:\Users\bidek\.m2\repository\commons-cli\commons-cli\1.3.1\commons-cli-1.3.1.jar;C:\Users\bidek\.m2\repository\commons-codec\commons-codec\1.10\commons-codec-1.10.jar;C:\Users\bidek\.m2\repository\commons-io\commons-io\2.4\commons-io-2.4.jar;C:\Users\bidek\.m2\repository\org\apache\commons\commons-lang3\3.4\commons-lang3-3.4.jar;C:\Users\bidek\.m2\repository\io\netty\netty-all\4.0.23.Final\netty-all-4.0.23.Final.jar;C:\Users\bidek\.m2\repository\com\barchart\udt\barchart-udt-bundle\2.3.0\barchart-udt-bundle-2.3.0.jar;C:\Users\bidek\.m2\repository\org\slf4j\slf4j-api\1.7.12\slf4j-api-1.7.12.jar;C:\Users\bidek\.m2\repository\junit\junit\3.8.1\junit-3.8.1.jar;"/>
    <property name="sun.cpu.endian" value="little"/>
    <property name="user.home" value="C:\Users\bidek"/>
    <property name="user.language" value="ru"/>
    <property name="java.specification.vendor" value="Oracle Corporation"/>
    <property name="java.version.date" value="2021-07-20"/>
    <property name="java.home" value="C:\Program Files\Java\jdk-16.0.2"/>
    <property name="file.separator" value="\"/>
    <property name="basedir" value="C:\Users\bidek\LipoProxy\LofiProxyCreator"/>
    <property name="java.vm.compressedOopsMode" value="Zero based"/>
    <property name="line.separator" value="&#10;"/>
    <property name="java.vm.specification.vendor" value="Oracle Corporation"/>
    <property name="java.specification.name" value="Java Platform API Specification"/>
    <property name="surefire.real.class.path" value="C:\Users\bidek\AppData\Local\Temp\surefire13515516880188410361\surefirebooter-20240902093514392_3.jar"/>
    <property name="user.script" value=""/>
    <property name="sun.management.compiler" value="HotSpot 64-Bit Tiered Compilers"/>
    <property name="java.runtime.version" value="16.0.2+7-67"/>
    <property name="user.name" value="bidek"/>
    <property name="path.separator" value=";"/>
    <property name="os.version" value="10.0"/>
    <property name="java.runtime.name" value="Java(TM) SE Runtime Environment"/>
    <property name="file.encoding" value="Cp1251"/>
    <property name="java.vm.name" value="Java HotSpot(TM) 64-Bit Server VM"/>
    <property name="localRepository" value="C:\Users\bidek\.m2\repository"/>
    <property name="java.vendor.url.bug" value="https://bugreport.java.com/bugreport/"/>
    <property name="java.io.tmpdir" value="C:\Users\bidek\AppData\Local\Temp\"/>
    <property name="java.version" value="16.0.2"/>
    <property name="user.dir" value="C:\Users\bidek\LipoProxy\LofiProxyCreator"/>
    <property name="os.arch" value="amd64"/>
    <property name="java.vm.specification.name" value="Java Virtual Machine Specification"/>
    <property name="sun.os.patch.level" value=""/>
    <property name="java.library.path" value="C:\Program Files\Java\jdk-16.0.2\bin;C:\WINDOWS\Sun\Java\bin;C:\WINDOWS\system32;C:\WINDOWS;C:\Program Files\Java\jdk-16.0.2\bin;C:\ProgramData\Oracle\Java\javapath;C:\Program Files\Common Files\Oracle\Java\javapath;C:\Program Files (x86)\Common Files\Oracle\Java\javapath;C:\WINDOWS\system32;C:\WINDOWS;C:\WINDOWS\System32\Wbem;C:\WINDOWS\System32\WindowsPowerShell\v1.0\;C:\WINDOWS\System32\OpenSSH\;C:\Program Files (x86)\NVIDIA Corporation\PhysX\Common;C:\Program Files\NVIDIA Corporation\NVIDIA NvDLISR;C:\Program Files\WireGuard\;C:\Program Files\Go\bin;C:\Program Files\Git\cmd;D:\gradle-8.7\bin;C:\Program Files (x86)\Bitvise SSH Client;C:\Program Files\dotnet\;C:\Users\bidek\AppData\Local\Programs\Python\Python311\Scripts\;C:\Users\bidek\AppData\Local\Programs\Python\Python311\;C:\Users\bidek\AppData\Local\Programs\Python\Python39\Scripts\;C:\Users\bidek\AppData\Local\Programs\Python\Python39\;C:\Users\bidek\.cargo\bin;C:\Users\bidek\AppData\Local\Programs\Python\Python312\Scripts\;C:\Users\bidek\AppData\Local\Programs\Python\Python312\;C:\Users\bidek\AppData\Local\Microsoft\WindowsApps;C:\Users\bidek\go\bin;C:\Program Files\apache-maven-3.9.6\bin;C:\Users\bidek\AppData\Local\Microsoft\WinGet\Packages\Schniz.fnm_Microsoft.Winget.Source_8wekyb3d8bbwe;C:\Users\bidek\AppData\Local\Programs\Microsoft VS Code\bin;C:\Program Files (x86)\Nmap;."/>
    <property name="java.vm.info" value="mixed mode, sharing"/>
    <property name="java.vendor" value="Oracle Corporation"/>
    <property name="java.vm.version" value="16.0.2+7-67"/>
    <property name="sun.io.unicode.encoding" value="UnicodeLittle"/>
    <property name="java.class.version" value="60.0"/>
  </properties>
  <testcase name="testApp" classname="ru.shved255.AppTest" time="0.002"/>
</testsuite>